<?xml version="1.0" encoding="UTF-8"?>
<!-- Generated by org.testng.reporters.JUnitXMLReporter -->
<testsuite ignored="0" hostname="LAPTOP-CU78B49A" failures="2" tests="8" name="Test" time="0.137" errors="0" timestamp="2020-06-13T03:35:31 IST">
  <testcase classname="com.akbr.testngpractice.DataProvider2" name="myTest" time="0.019"/>
  <testcase classname="com.akbr.testngpractice.DataProvider2" name="myTest" time="0.004">
    <failure type="java.lang.AssertionError" message="expected [12] but found [9]">
      <![CDATA[java.lang.AssertionError: expected [12] but found [9]
at com.akbr.testngpractice.DataProvider2.myTest(DataProvider2.java:20)
at java.base/java.util.ArrayList.forEach(ArrayList.java:1540)
... Removed 32 stack frames]]>
    </failure>
  </testcase> <!-- myTest -->
  <testcase classname="com.akbr.testngpractice.DataProvider2" name="myTest" time="0.002"/>
  <testcase classname="com.akbr.testngpractice.DataProvider2" name="myTest" time="0.001"/>
  <testcase classname="com.akbr.testngpractice.DProvider2" name="Diff" time="0.001"/>
  <testcase classname="com.akbr.testngpractice.DProvider2" name="Diff" time="0.001"/>
  <testcase classname="com.akbr.testngpractice.DProvider2" name="Sum" time="0.002"/>
  <testcase classname="com.akbr.testngpractice.DProvider2" name="Sum" time="0.001">
    <failure type="java.lang.AssertionError" message="expected [12] but found [9]">
      <![CDATA[java.lang.AssertionError: expected [12] but found [9]
at com.akbr.testngpractice.DProvider2.Sum(DProvider2.java:24)
at java.base/java.util.ArrayList.forEach(ArrayList.java:1540)
... Removed 32 stack frames]]>
    </failure>
  </testcase> <!-- Sum -->
</testsuite> <!-- Test -->
