<?xml version="1.0" encoding="UTF-8"?>
<!-- Generated by org.testng.reporters.JUnitXMLReporter -->
<testsuite ignored="1" hostname="LAPTOP-CU78B49A" failures="0" tests="2" name="Groups in Groups" time="0.252" errors="0" timestamp="2020-06-12T13:31:33 IST">
  <testcase classname="com.akbr.testngpractice.Groups_in_Groups" name="test1" time="0.027"/>
  <testcase classname="com.akbr.testngpractice.Groups_in_Groups" name="test2" time="0.002"/>
  <testcase classname="com.akbr.testngpractice.Groups_in_Groups" name="test3" time="0.0">
    <ignored/>
  </testcase> <!-- test3 -->
</testsuite> <!-- Groups in Groups -->
