<?xml version="1.0" encoding="UTF-8"?>
<!-- Generated by org.testng.reporters.JUnitXMLReporter -->
<testsuite ignored="1" hostname="LAPTOP-CU78B49A" failures="0" tests="2" name="Including test cases" time="0.099" errors="0" timestamp="2020-06-12T13:22:27 IST">
  <testcase classname="com.akbr.testngpractice.Regular_Expression" name="test_case1" time="0.018"/>
  <testcase classname="com.akbr.testngpractice.Regular_Expression" name="test_case2" time="0.002"/>
  <testcase classname="com.akbr.testngpractice.Regular_Expression" name="test_case3" time="0.0">
    <ignored/>
  </testcase> <!-- test_case3 -->
</testsuite> <!-- Including test cases -->
