<?xml version="1.0" encoding="UTF-8"?>
<!-- Generated by org.testng.reporters.JUnitXMLReporter -->
<testsuite ignored="2" hostname="LAPTOP-CU78B49A" failures="0" tests="1" name="Car Loan" time="0.003" errors="0" timestamp="2020-06-12T05:33:23 IST">
  <testcase classname="com.akbr.testngpractice.Car_loan" name="APILoginCarLoan" time="0.001"/>
  <testcase classname="com.akbr.testngpractice.Car_loan" name="MobileLoginCarLoan" time="0.0">
    <ignored/>
  </testcase> <!-- MobileLoginCarLoan -->
  <testcase classname="com.akbr.testngpractice.Car_loan" name="WebLoginCarLoan" time="0.0">
    <ignored/>
  </testcase> <!-- WebLoginCarLoan -->
</testsuite> <!-- Car Loan -->
