<?xml version="1.0" encoding="UTF-8"?>
<!-- Generated by org.testng.reporters.JUnitXMLReporter -->
<testsuite ignored="1" hostname="LAPTOP-CU78B49A" failures="0" tests="2" name="Group A" time="0.095" errors="0" timestamp="2020-06-12T05:40:53 IST">
  <testcase classname="com.akbr.testngpractice.Groups" name="testcase1" time="0.017"/>
  <testcase classname="com.akbr.testngpractice.Groups" name="testcase2" time="0.004"/>
  <testcase classname="com.akbr.testngpractice.Groups" name="testcase3" time="0.0">
    <ignored/>
  </testcase> <!-- testcase3 -->
</testsuite> <!-- Group A -->
