<?xml version="1.0" encoding="UTF-8"?>
<!-- Generated by org.testng.reporters.JUnitXMLReporter -->
<testsuite ignored="2" hostname="LAPTOP-CU78B49A" failures="0" tests="1" name="Home Loan" time="0.012" errors="0" timestamp="2020-06-12T05:33:23 IST">
  <testcase classname="com.akbr.testngpractice.Home_loan" name="MobileLoginHomeLoan" time="0.005"/>
  <testcase classname="com.akbr.testngpractice.Home_loan" name="WebLoginHomeLoan" time="0.0">
    <ignored/>
  </testcase> <!-- WebLoginHomeLoan -->
  <testcase classname="com.akbr.testngpractice.Home_loan" name="APILoginHomeLoan" time="0.0">
    <ignored/>
  </testcase> <!-- APILoginHomeLoan -->
</testsuite> <!-- Home Loan -->
