<?xml version="1.0" encoding="UTF-8"?>
<!-- Generated by org.testng.reporters.JUnitXMLReporter -->
<testsuite ignored="6" hostname="LAPTOP-CU78B49A" failures="0" tests="3" name="Loan" time="0.075" errors="0" timestamp="2020-06-12T05:35:25 IST">
  <testcase classname="com.akbr.testngpractice.Personal_loan" name="WebLoginPersonalLoan" time="0.006"/>
  <testcase classname="com.akbr.testngpractice.Home_loan" name="MobileLoginHomeLoan" time="0.002"/>
  <testcase classname="com.akbr.testngpractice.Car_loan" name="APILoginCarLoan" time="0.001"/>
  <testcase classname="com.akbr.testngpractice.Car_loan" name="MobileLoginCarLoan" time="0.0">
    <ignored/>
  </testcase> <!-- MobileLoginCarLoan -->
  <testcase classname="com.akbr.testngpractice.Home_loan" name="WebLoginHomeLoan" time="0.0">
    <ignored/>
  </testcase> <!-- WebLoginHomeLoan -->
  <testcase classname="com.akbr.testngpractice.Personal_loan" name="MobileLoginPersonalLoan" time="0.0">
    <ignored/>
  </testcase> <!-- MobileLoginPersonalLoan -->
  <testcase classname="com.akbr.testngpractice.Car_loan" name="WebLoginCarLoan" time="0.0">
    <ignored/>
  </testcase> <!-- WebLoginCarLoan -->
  <testcase classname="com.akbr.testngpractice.Personal_loan" name="APILoginPersonalLoan" time="0.0">
    <ignored/>
  </testcase> <!-- APILoginPersonalLoan -->
  <testcase classname="com.akbr.testngpractice.Home_loan" name="APILoginHomeLoan" time="0.0">
    <ignored/>
  </testcase> <!-- APILoginHomeLoan -->
</testsuite> <!-- Loan -->
