<?xml version="1.0" encoding="UTF-8"?>
<!-- Generated by org.testng.reporters.JUnitXMLReporter -->
<testsuite ignored="2" hostname="LAPTOP-CU78B49A" failures="0" tests="1" name="Personal Loan" time="0.068" errors="0" timestamp="2020-06-12T05:33:23 IST">
  <testcase classname="com.akbr.testngpractice.Personal_loan" name="WebLoginPersonalLoan" time="0.012"/>
  <testcase classname="com.akbr.testngpractice.Personal_loan" name="MobileLoginPersonalLoan" time="0.0">
    <ignored/>
  </testcase> <!-- MobileLoginPersonalLoan -->
  <testcase classname="com.akbr.testngpractice.Personal_loan" name="APILoginPersonalLoan" time="0.0">
    <ignored/>
  </testcase> <!-- APILoginPersonalLoan -->
</testsuite> <!-- Personal Loan -->
