<?xml version="1.0" encoding="UTF-8"?>
<testng-results skipped="0" failed="0" ignored="0" total="1" passed="1">
  <reporter-output>
  </reporter-output>
  <suite name="Suite" duration-ms="37308" started-at="2019-10-26T12:46:34 IST" finished-at="2019-10-26T12:47:12 IST">
    <groups>
    </groups>
    <test name="Test" duration-ms="37308" started-at="2019-10-26T12:46:34 IST" finished-at="2019-10-26T12:47:12 IST">
      <class name="com.akbr.testcases.TestBarCodeReader">
        <test-method status="PASS" signature="setUp()[pri:0, instance:com.akbr.testcases.TestBarCodeReader@5bfbf16f]" name="setUp" is-config="true" duration-ms="25122" started-at="2019-10-26T12:46:35 IST" finished-at="2019-10-26T12:47:00 IST">
          <reporter-output>
          </reporter-output>
        </test-method> <!-- setUp -->
        <test-method status="PASS" signature="testBarCodeReader()[pri:0, instance:com.akbr.testcases.TestBarCodeReader@5bfbf16f]" name="testBarCodeReader" duration-ms="11700" started-at="2019-10-26T12:47:00 IST" finished-at="2019-10-26T12:47:12 IST">
          <reporter-output>
          </reporter-output>
        </test-method> <!-- testBarCodeReader -->
      </class> <!-- com.akbr.testcases.TestBarCodeReader -->
    </test> <!-- Test -->
  </suite> <!-- Suite -->
</testng-results>
